d:\superbulife\year3\sem1\csci3260\hw4\win\build\main.dir\debug\vc143.pdb
d:\superbulife\year3\sem1\csci3260\hw4\win\build\main.dir\debug\student_code.obj
d:\superbulife\year3\sem1\csci3260\hw4\win\build\main.dir\debug\mesh.obj
d:\superbulife\year3\sem1\csci3260\hw4\win\build\main.dir\debug\viewer.obj
d:\superbulife\year3\sem1\csci3260\hw4\win\build\main.dir\debug\bezierpatch.obj
d:\superbulife\year3\sem1\csci3260\hw4\win\build\main.dir\debug\beziercurve.obj
d:\superbulife\year3\sem1\csci3260\hw4\win\build\main.dir\debug\shader.obj
d:\superbulife\year3\sem1\csci3260\hw4\win\build\main.dir\debug\main.obj
d:\superbulife\year3\sem1\csci3260\hw4\win\build\cmakefiles\generate.stamp
d:\superbulife\year3\sem1\csci3260\hw4\win\build\debug\main.exe
d:\superbulife\year3\sem1\csci3260\hw4\win\build\main.dir\debug\main.ilk
d:\superbulife\year3\sem1\csci3260\hw4\win\build\debug\main.pdb
d:\superbulife\year3\sem1\csci3260\hw4\win\build\main.dir\debug\main.tlog\cl.command.1.tlog
d:\superbulife\year3\sem1\csci3260\hw4\win\build\main.dir\debug\main.tlog\cl.read.1.tlog
d:\superbulife\year3\sem1\csci3260\hw4\win\build\main.dir\debug\main.tlog\cl.write.1.tlog
d:\superbulife\year3\sem1\csci3260\hw4\win\build\main.dir\debug\main.tlog\custombuild.command.1.tlog
d:\superbulife\year3\sem1\csci3260\hw4\win\build\main.dir\debug\main.tlog\custombuild.read.1.tlog
d:\superbulife\year3\sem1\csci3260\hw4\win\build\main.dir\debug\main.tlog\custombuild.write.1.tlog
d:\superbulife\year3\sem1\csci3260\hw4\win\build\main.dir\debug\main.tlog\link.command.1.tlog
d:\superbulife\year3\sem1\csci3260\hw4\win\build\main.dir\debug\main.tlog\link.read.1.tlog
d:\superbulife\year3\sem1\csci3260\hw4\win\build\main.dir\debug\main.tlog\link.write.1.tlog
